
并行扫描，包括并行顺序扫描、并行索引扫描、并行 index-only 扫描、并行 bitmap heap 扫描场景。

### 并行顺序扫描

也称为全表扫描，它会扫描整张表数据，当表很大时，全表扫描会占用大量 CPU、内存、IO资源，对数据库性能有较大影响，在 OLTP 事务型数据库系统中应当尽量避免。

建立测试表，并插入 2000 万条数据:
```sql
    testdb=> CREATE TABLE test_big1(id int4,name varchar(32),create_time timestamp(0) default clock_timestamp());
    CREATE TABLE
    testdb=> INSERT INTO test_big1(id,name) SELECT n,n||'_test' FROM generate_series(1,20000000) n;
    INSERT 0 20000000
```

使用并行顺序扫描:
```sql
    testdb=> EXPLAIN ANALYZE SELECT * FROM test_big1 WHERE name='1_test';
                                                            QUERY PLAN                                                          
    ------------------------------------------------------------------------------------------------------------------------------
    Gather  (cost=1000.00..251250.66 rows=1 width=25) (actual time=2.582..3362.282 rows=1 loops=1)
    Workers Planned: 2
    Workers Launched: 2
    ->  Parallel Seq Scan on test_big1  (cost=0.00..250250.56 rows=1 width=25) (actual time=2158.532..3276.794 rows=0 loops=3)
            Filter: ((name)::text = '1_test'::text)
            Rows Removed by Filter: 6666666
    Planning Time: 0.156 ms
    Execution Time: 3362.320 ms
    (8 rows)
```
`Workers Planned` 表示执行计划预估的并行进程数，`Worker Launched` 表示查询实际获得的并行进程数，`Parallel Seq Scan on test_big1` 表示进行了并行顺序扫描。`Planning Time` 表示生成执行计划的时间，`Execution Time` 表示 SQL 实际执行时间。

关闭并行顺序扫描:
```sql
    testdb=> SET max_parallel_workers_per_gather = 0;
    SET
    testdb=> EXPLAIN ANALYZE SELECT * FROM test_big1 WHERE name='1_test';
                                                    QUERY PLAN                                                 
    ------------------------------------------------------------------------------------------------------------
    Seq Scan on test_big1  (cost=0.00..396094.95 rows=1 width=25) (actual time=0.607..4422.954 rows=1 loops=1)
    Filter: ((name)::text = '1_test'::text)
    Rows Removed by Filter: 19999999
    Planning Time: 0.073 ms
    Execution Time: 4422.977 ms
    (5 rows)
```

实际生产中，还要不断测试，找到更合适的参数值。下同。


### 并行索引扫描

创建索引:
```sql
    testdb=> CREATE INDEX idx_test_big1_id ON test_big1 USING btree(id);
    CREATE INDEX
```

并行索引扫描:
```sql
    testdb=> EXPLAIN ANALYSE SELECT count(name) FROM test_big1 WHERE id<10000000;
                                                                        QUERY PLAN                                                                     
    ---------------------------------------------------------------------------------------------------------------------------------------------------
    Finalize Aggregate  (cost=215834.25..215834.26 rows=1 width=8) (actual time=3341.488..3346.581 rows=1 loops=1)
    ->  Gather  (cost=215833.83..215834.24 rows=4 width=8) (actual time=3341.184..3346.569 rows=5 loops=1)
            Workers Planned: 4
            Workers Launched: 4
            ->  Partial Aggregate  (cost=214833.83..214833.84 rows=1 width=8) (actual time=3263.807..3263.808 rows=1 loops=5)
                ->  Parallel Seq Scan on test_big1  (cost=0.00..208576.00 rows=2503132 width=13) (actual time=7.130..2971.688 rows=2000000 loops=5)
                        Filter: (id < 10000000)
                        Rows Removed by Filter: 2000000
    Planning Time: 2.208 ms
    Execution Time: 3346.622 ms
    (10 rows)
```

关闭索引扫描:
```sql
    testdb=> SET max_parallel_workers_per_gather = 0;
    SET
    testdb=> EXPLAIN ANALYSE SELECT count(name) FROM test_big1 WHERE id<10000000;
                                                                        QUERY PLAN                                                                  
        
    --------------------------------------------------------------------------------------------------------------------------------------------------------
    Aggregate  (cost=383203.98..383203.99 rows=1 width=8) (actual time=4050.158..4050.159 rows=1 loops=1)
    ->  Index Scan using idx_test_big1_id on test_big1  (cost=0.44..358172.66 rows=10012527 width=13) (actual time=4.619..3078.964 rows=9999999 loops=1)
            Index Cond: (id < 10000000)
    Planning Time: 0.097 ms
    Execution Time: 4050.197 ms
    (5 rows)
```

## 并行 index-only 扫描

index-only 扫描是指只需扫描索引，即 SQL 仅根据索引就能获得所需检索的数据，而不需要通过索引回查数据表。

关闭并行扫描:
```sql
    testdb=> EXPLAIN ANALYSE SELECT count(*) FROM test_big1 WHERE id<1000000;
                                                                        QUERY PLAN                                                                       
    --------------------------------------------------------------------------------------------------------------------------------------------------------
    Aggregate  (cost=32611.60..32611.61 rows=1 width=8) (actual time=201.225..201.227 rows=1 loops=1)
    ->  Index Only Scan using idx_test_big1_id on test_big1  (cost=0.44..29979.20 rows=1052958 width=0) (actual time=0.027..135.617 rows=999999 loops=1)
            Index Cond: (id < 1000000)
            Heap Fetches: 0
    Planning Time: 0.084 ms
    Execution Time: 201.259 ms
    (6 rows)

    Time: 201.695 ms
```

执行并行扫描:
```sql
    testdb=> SET max_parallel_workers_per_gather TO default;
    SET
    Time: 0.239 ms
    testdb=> EXPLAIN ANALYSE SELECT count(*) FROM test_big1 WHERE id<1000000;
                                                                                    QUERY PLAN                                                                                 
    ---------------------------------------------------------------------------------------------------------------------------------------------------------------------------
    Finalize Aggregate  (cost=25933.99..25934.00 rows=1 width=8) (actual time=118.691..118.980 rows=1 loops=1)
    ->  Gather  (cost=25933.78..25933.99 rows=2 width=8) (actual time=117.396..118.969 rows=3 loops=1)
            Workers Planned: 2
            Workers Launched: 2
            ->  Partial Aggregate  (cost=24933.78..24933.79 rows=1 width=8) (actual time=109.559..109.560 rows=1 loops=3)
                ->  Parallel Index Only Scan using idx_test_big1_id on test_big1  (cost=0.44..23836.95 rows=438732 width=0) (actual time=0.048..86.482 rows=333333 loops=3)
                        Index Cond: (id < 1000000)
                        Heap Fetches: 0
    Planning Time: 0.107 ms
    Execution Time: 119.022 ms
    (10 rows)

    Time: 119.606 ms
```

### 并行 bitmap heap 扫描

当 SQL 的 where 条件中出现 or 时很有可能出现 Bitmap Index 扫描。

使用并行:
```sql
    testdb=> EXPLAIN ANALYSE SELECT count(*) FROM test_big1 WHERE id<1000000 OR id>49000000;
                                                                                QUERY PLAN                                                                            
    ------------------------------------------------------------------------------------------------------------------------------------------------------------------
    Finalize Aggregate  (cost=266589.65..266589.66 rows=1 width=8) (actual time=124.500..124.770 rows=1 loops=1)
    ->  Gather  (cost=266589.43..266589.64 rows=2 width=8) (actual time=123.339..124.761 rows=3 loops=1)
            Workers Planned: 2
            Workers Launched: 2
            ->  Partial Aggregate  (cost=265589.43..265589.44 rows=1 width=8) (actual time=116.437..116.439 rows=1 loops=3)
                ->  Parallel Bitmap Heap Scan on test_big1  (cost=19980.55..264492.60 rows=438732 width=0) (actual time=70.256..95.749 rows=333333 loops=3)
                        Recheck Cond: ((id < 1000000) OR (id > 49000000))
                        Heap Blocks: exact=3225
                        ->  BitmapOr  (cost=19980.55..19980.55 rows=1052958 width=0) (actual time=52.441..52.442 rows=0 loops=1)
                            ->  Bitmap Index Scan on idx_test_big1_id  (cost=0.00..19449.62 rows=1052958 width=0) (actual time=52.429..52.429 rows=999999 loops=1)
                                    Index Cond: (id < 1000000)
                            ->  Bitmap Index Scan on idx_test_big1_id  (cost=0.00..4.45 rows=1 width=0) (actual time=0.009..0.009 rows=0 loops=1)
                                    Index Cond: (id > 49000000)
    Planning Time: 0.201 ms
    Execution Time: 124.821 ms
    (15 rows)

    Time: 125.411 ms
```

关闭并行:
```sql
    testdb=> EXPLAIN ANALYSE SELECT count(*) FROM test_big1 WHERE id<1000000 OR id>49000000;
                                                                        QUERY PLAN                                                                      
    ------------------------------------------------------------------------------------------------------------------------------------------------------
    Aggregate  (cost=404935.48..404935.49 rows=1 width=8) (actual time=187.625..187.627 rows=1 loops=1)
    ->  Bitmap Heap Scan on test_big1  (cost=19980.55..402303.08 rows=1052958 width=0) (actual time=48.904..126.167 rows=999999 loops=1)
            Recheck Cond: ((id < 1000000) OR (id > 49000000))
            Heap Blocks: exact=6370
            ->  BitmapOr  (cost=19980.55..19980.55 rows=1052958 width=0) (actual time=47.868..47.869 rows=0 loops=1)
                ->  Bitmap Index Scan on idx_test_big1_id  (cost=0.00..19449.62 rows=1052958 width=0) (actual time=47.857..47.857 rows=999999 loops=1)
                        Index Cond: (id < 1000000)
                ->  Bitmap Index Scan on idx_test_big1_id  (cost=0.00..4.45 rows=1 width=0) (actual time=0.009..0.009 rows=0 loops=1)
                        Index Cond: (id > 49000000)
    Planning Time: 0.115 ms
    Execution Time: 187.761 ms
    (11 rows)

    Time: 188.355 ms
```
