
聚合操作是指使用 count()、sum() 等聚合函数的 SQL。

以 count() 为例，设置 max_parallel_workers_per_gather 为 4:
```sql
    testdb=> SET max_parallel_workers_per_gather = 4;
    SET
    testdb=> EXPLAIN ANALYSE SELECT count(*) FROM test_big1;
                                                                        QUERY PLAN                                                                    
    --------------------------------------------------------------------------------------------------------------------------------------------------
    Finalize Aggregate  (cost=209576.42..209576.43 rows=1 width=8) (actual time=3470.672..3473.819 rows=1 loops=1)
    ->  Gather  (cost=209576.00..209576.41 rows=4 width=8) (actual time=3470.630..3473.781 rows=5 loops=1)
            Workers Planned: 4
            Workers Launched: 4
            ->  Partial Aggregate  (cost=208576.00..208576.01 rows=1 width=8) (actual time=3464.947..3464.948 rows=1 loops=5)
                ->  Parallel Seq Scan on test_big1  (cost=0.00..196076.00 rows=5000000 width=0) (actual time=1.219..3079.059 rows=4000000 loops=5)
    Planning Time: 0.072 ms
    Execution Time: 3473.861 ms
    (8 rows)
```
可以看到，先进行 Partial Aggregate，开启了四个并行进程(在操作系统层面通过 top 命令能够看到)，最后进行 Finalize Aggregate。

这个例子说明聚合查询 count() 能够支持并行。

可以通过调整参数对不同情况下的 count() 查询进行测试。
