
数据抽样(TABLESAMPLE)在数据处理方面经常用到，特别是当表数据量比较大时，随机查询表中一定数量记录的操作很常见。

在 9.5 版本之前可以通过 `ORDER BY random()` 方式实现数据抽样:
```sql
    testdb=> CREATE TABLE user_ini(id bigint,user_id text,user_name text,create_time timestamp(0) without time zone default now());
    CREATE TABLE
    testdb=> INSERT INTO user_ini(id,user_id,user_name) SELECT n,'uid_'||n,'name_'||n FROM generate_series(1,1000000) n;
    INSERT 0 1000000
```

随机获取一条记录:
```sql
    testdb=> SELECT * FROM user_ini ORDER BY random() LIMIT 1;
    id   |  user_id   |  user_name  |     create_time     
    --------+------------+-------------+---------------------
    625458 | uid_625458 | name_625458 | 2021-09-19 13:09:59
    (1 row)
```
不过这种方式效率非常低，当表数据量大时，性能几乎无法接受。

分析如下:
```sql
    testdb=> EXPLAIN ANALYZE SELECT * FROM user_ini ORDER BY random() LIMIT 1;
                                                            QUERY PLAN                                                            
    ---------------------------------------------------------------------------------------------------------------------------------
    Limit  (cost=25834.00..25834.00 rows=1 width=45) (actual time=1154.538..1154.541 rows=1 loops=1)
    ->  Sort  (cost=25834.00..28334.00 rows=1000000 width=45) (actual time=1154.533..1154.534 rows=1 loops=1)
            Sort Key: (random())
            Sort Method: top-N heapsort  Memory: 25kB
            ->  Seq Scan on user_ini  (cost=0.00..20834.00 rows=1000000 width=45) (actual time=0.032..442.442 rows=1000000 loops=1)
    Planning Time: 0.163 ms
    Execution Time: 1154.608 ms
    (7 rows)

    Time: 1155.494 ms (00:01.155)
```
`EXPLAIN ANALYZE` 命令表示实际执行这条 SQL，同时显示 SQL 执行计划和执行时间，`Planning Time` 表示 SQL 语句解析生成执行计划的时间，`Execution Time` 表示 SQL 的实际执行时间。
这里首先对全表进行了扫描，以 random() 为 Key 排序，取出最前面(这里是1)的 N 条。

9.5 版本以后支持 `TABLESAMPLE` 数据抽样，语法如下:
```sql
    SELECT ...
    FROM table_name
    TABLESAMPLE sampling_method (argument [,...]) [ REPEATABLE ( seed ) ]
```
`sampling_method` 指抽样方法，主要有两种: `SYSTEM` 和 `BERNOULLI`。`argument` 指抽样比。

### STSTEN

SYSTEM 抽样方式为随机抽取表上数据块的数据，理论上被抽样表的每个数据块被检索的概率是一样的。SYSTEM 抽样方式基于数据块级别，后接抽样参数，被选中的块上的所有数据将被检索。
```sql
    testdb=> CREATE TABLE test_sample(id int4,message text,create_time timestamp(0) default clock_timestamp());
    CREATE TABLE
    testdb=> INSERT INTO test_sample(id,message) SELECT n,md5(random()::text)  FROM generate_series(1,1500000) n;
    INSERT 0 1500000
```

抽样因子设置成 0.01，意味着返回 1500000 × 0.01% = 150 条记录，执行如下分析 SQL:
```sql
    testdb=> EXPLAIN ANALYZE SELECT * FROM test_sample TABLESAMPLE SYSTEM(0.01);
                                                    QUERY PLAN                                                  
    -------------------------------------------------------------------------------------------------------------
    Sample Scan on test_sample  (cost=0.00..5.50 rows=150 width=45) (actual time=0.058..0.408 rows=107 loops=1)
    Sampling: system ('0.01'::real)
    Planning Time: 0.135 ms
    Execution Time: 0.470 ms
    (4 rows)
```
执行时间为 0.470 毫秒，性能较好。不过语句预计取 150 条记录，实际只返回 107 条，为什么呢?

查看表占用的数据块数量:
```sql
    testdb=> SELECT relname,relpages FROM pg_class WHERE relname='test_sample';
    relname   | relpages 
    -------------+----------
    test_sample |    14019
    (1 row)
```
表 test_sample 占用了 14019 个数据块，也就是说每个数据块上存储 1500000 / 14019 = 107 条记录。

查看抽样数据的 ctid，如下所示:
```sql
    testdb=> SELECT ctid, * FROM test_sample TABLESAMPLE SYSTEM(0.01);
        ctid    |   id   |             message              |     create_time     
    ------------+--------+----------------------------------+---------------------
    (13158,1)   | 1407907 | 25dc701450f6e3074b25e772667b4536 | 2021-09-19 13:38:53
    (13158,2)   | 1407908 | ff82f0df035e7746469313030ade0a42 | 2021-09-19 13:38:53
     ...
    (13158,107) | 1408013 | 85b3e6dfa29c258dc53cd209569207c5 | 2021-09-19 13:38:53
   (107 rows)
```
`ctid` 是表的隐藏列，括号里的第一位表示逻辑数据块编号，第二位表示逻辑块上的数据的逻辑编号。从上面可以看到，这 107 条记录都存储在逻辑编号为 5640 的数据块上，也就是说抽样查询返回了一个数据块上的所有数据。抽样因子固定为 0.01，多次执行上面的查询，可能返回 0 条，可能返回 107 条，也可能返回 214 条。


### BERNOULLI

BERNOULLI 抽样方式随机抽取表的数据行，并返回指定百分比数据。该抽样方式相比 SYSTEM 抽样方式具有更好的随机性，但性能上相比 SYSTEM 低很多。分析如下:
```sql
    testdb=> EXPLAIN ANALYSE SELECT * FROM test_sample TABLESAMPLE BERNOULLI(0.01);
                                                        QUERY PLAN                                                     
    -------------------------------------------------------------------------------------------------------------------
    Sample Scan on test_sample  (cost=0.00..14020.50 rows=150 width=45) (actual time=7.991..324.416 rows=162 loops=1)
    Sampling: bernoulli ('0.01'::real)
    Planning Time: 0.135 ms
    Execution Time: 324.641 ms
    (4 rows)
```
计划返回 150 条记录，实际返回 162 条，算比较接近了，但执行时间要 324.641 毫秒。

多次执行测试时，其返回记录数在 150 条上下浮动。

BERNOULLI 方式返回的数据位于不同的数据块上，这可以通过查询 ctid 得知，所以它的随机性比 SYSTEM 更好。
